Started GET "/" for ::1 at 2023-11-24 23:13:50 +0530
Processing by WelcomeController#index as HTML
  Rendering layout layouts/application.html.erb
  Rendering welcome/index.html.erb within layouts/application
  Rendered welcome/index.html.erb within layouts/application (Duration: 4.6ms | Allocations: 411)
  Rendered layout layouts/application.html.erb (Duration: 264.8ms | Allocations: 105617)
Completed 200 OK in 362ms (Views: 280.1ms | ActiveRecord: 0.0ms | Allocations: 114075)


Started GET "/" for ::1 at 2023-11-24 23:14:44 +0530
Processing by WelcomeController#index as HTML
  Rendering layout layouts/application.html.erb
  Rendering welcome/index.html.erb within layouts/application
  Rendered welcome/index.html.erb within layouts/application (Duration: 0.9ms | Allocations: 129)
  Rendered layout layouts/application.html.erb (Duration: 10.5ms | Allocations: 2744)
Completed 200 OK in 17ms (Views: 14.4ms | ActiveRecord: 0.0ms | Allocations: 3719)


Started GET "/" for ::1 at 2023-11-24 23:19:05 +0530
Processing by WelcomeController#index as HTML
  Rendering layout layouts/application.html.erb
  Rendering welcome/index.html.erb within layouts/application
  Rendered welcome/index.html.erb within layouts/application (Duration: 112.9ms | Allocations: 26013)
  Rendered layout layouts/application.html.erb (Duration: 130.1ms | Allocations: 28452)
Completed 200 OK in 139ms (Views: 135.7ms | ActiveRecord: 0.0ms | Allocations: 29423)


Started GET "/" for ::1 at 2023-11-24 23:20:08 +0530
Processing by WelcomeController#index as HTML
  Rendering layout layouts/application.html.erb
  Rendering welcome/index.html.erb within layouts/application
  Rendered welcome/index.html.erb within layouts/application (Duration: 5.5ms | Allocations: 950)
  Rendered layout layouts/application.html.erb (Duration: 14.8ms | Allocations: 3391)
Completed 200 OK in 24ms (Views: 18.7ms | ActiveRecord: 0.0ms | Allocations: 4362)


Started GET "/" for ::1 at 2023-11-24 23:20:14 +0530
Processing by WelcomeController#index as HTML
  Rendering layout layouts/application.html.erb
  Rendering welcome/index.html.erb within layouts/application
  Rendered welcome/index.html.erb within layouts/application (Duration: 10.6ms | Allocations: 797)
  Rendered layout layouts/application.html.erb (Duration: 34.4ms | Allocations: 3000)
Completed 200 OK in 38ms (Views: 35.7ms | ActiveRecord: 0.0ms | Allocations: 3250)


Started GET "/" for ::1 at 2023-11-24 23:21:46 +0530
Processing by WelcomeController#index as HTML
  Rendering layout layouts/application.html.erb
  Rendering welcome/index.html.erb within layouts/application
  Rendered welcome/index.html.erb within layouts/application (Duration: 34.8ms | Allocations: 2823)
  Rendered layout layouts/application.html.erb (Duration: 84.6ms | Allocations: 8440)
Completed 200 OK in 94ms (Views: 90.3ms | ActiveRecord: 0.0ms | Allocations: 9407)


Started GET "/" for ::1 at 2023-11-24 23:23:15 +0530
Processing by WelcomeController#index as HTML
  Rendering layout layouts/application.html.erb
  Rendering welcome/index.html.erb within layouts/application
  Rendered welcome/index.html.erb within layouts/application (Duration: 2.4ms | Allocations: 151)
  Rendered layout layouts/application.html.erb (Duration: 57.2ms | Allocations: 6416)
Completed 200 OK in 67ms (Views: 64.2ms | ActiveRecord: 0.0ms | Allocations: 7384)


Started GET "/" for ::1 at 2023-11-24 23:24:39 +0530
Processing by WelcomeController#index as HTML
  Rendering layout layouts/application.html.erb
  Rendering welcome/index.html.erb within layouts/application
  Rendered welcome/index.html.erb within layouts/application (Duration: 1.5ms | Allocations: 133)
  Rendered layout layouts/application.html.erb (Duration: 56.5ms | Allocations: 7316)
Completed 200 OK in 68ms (Views: 62.1ms | ActiveRecord: 0.0ms | Allocations: 8283)


Started GET "/" for ::1 at 2023-11-24 23:24:41 +0530
Processing by WelcomeController#index as HTML
  Rendering layout layouts/application.html.erb
  Rendering welcome/index.html.erb within layouts/application
  Rendered welcome/index.html.erb within layouts/application (Duration: 0.0ms | Allocations: 7)
  Rendered layout layouts/application.html.erb (Duration: 12.7ms | Allocations: 2448)
Completed 200 OK in 15ms (Views: 13.5ms | ActiveRecord: 0.0ms | Allocations: 2693)


Started GET "/" for ::1 at 2023-11-24 23:25:56 +0530
Processing by WelcomeController#index as HTML
  Rendering layout layouts/application.html.erb
  Rendering welcome/index.html.erb within layouts/application
  Rendered welcome/index.html.erb within layouts/application (Duration: 2.6ms | Allocations: 261)
  Rendered layout layouts/application.html.erb (Duration: 47.2ms | Allocations: 7512)
Completed 200 OK in 56ms (Views: 52.1ms | ActiveRecord: 0.0ms | Allocations: 8482)


Started GET "/" for ::1 at 2023-11-24 23:27:08 +0530
Processing by WelcomeController#index as HTML
  Rendering layout layouts/application.html.erb
  Rendering welcome/index.html.erb within layouts/application
  Rendered welcome/index.html.erb within layouts/application (Duration: 2.1ms | Allocations: 133)
  Rendered layout layouts/application.html.erb (Duration: 86.6ms | Allocations: 7824)
Completed 200 OK in 99ms (Views: 94.6ms | ActiveRecord: 0.0ms | Allocations: 8791)


Started GET "/" for ::1 at 2023-11-24 23:27:10 +0530
Processing by WelcomeController#index as HTML
  Rendering layout layouts/application.html.erb
  Rendering welcome/index.html.erb within layouts/application
  Rendered welcome/index.html.erb within layouts/application (Duration: 0.5ms | Allocations: 7)
  Rendered layout layouts/application.html.erb (Duration: 19.8ms | Allocations: 2438)
Completed 200 OK in 24ms (Views: 21.7ms | ActiveRecord: 0.0ms | Allocations: 2685)


Started GET "/" for ::1 at 2023-11-24 23:27:11 +0530
Processing by WelcomeController#index as HTML
  Rendering layout layouts/application.html.erb
  Rendering welcome/index.html.erb within layouts/application
  Rendered welcome/index.html.erb within layouts/application (Duration: 0.2ms | Allocations: 7)
  Rendered layout layouts/application.html.erb (Duration: 16.6ms | Allocations: 2428)
Completed 200 OK in 24ms (Views: 21.0ms | ActiveRecord: 0.0ms | Allocations: 2674)


Started GET "/" for ::1 at 2023-11-24 23:27:11 +0530
Processing by WelcomeController#index as HTML
  Rendering layout layouts/application.html.erb
  Rendering welcome/index.html.erb within layouts/application
  Rendered welcome/index.html.erb within layouts/application (Duration: 0.1ms | Allocations: 7)
  Rendered layout layouts/application.html.erb (Duration: 36.8ms | Allocations: 2436)
Completed 200 OK in 40ms (Views: 38.0ms | ActiveRecord: 0.0ms | Allocations: 2683)


Started GET "/" for ::1 at 2023-11-24 23:27:12 +0530
Processing by WelcomeController#index as HTML
  Rendering layout layouts/application.html.erb
  Rendering welcome/index.html.erb within layouts/application
  Rendered welcome/index.html.erb within layouts/application (Duration: 0.1ms | Allocations: 7)
  Rendered layout layouts/application.html.erb (Duration: 11.5ms | Allocations: 2426)
Completed 200 OK in 13ms (Views: 12.1ms | ActiveRecord: 0.0ms | Allocations: 2672)


Started GET "/" for ::1 at 2023-11-24 23:27:15 +0530
Processing by WelcomeController#index as HTML
  Rendering layout layouts/application.html.erb
  Rendering welcome/index.html.erb within layouts/application
  Rendered welcome/index.html.erb within layouts/application (Duration: 0.1ms | Allocations: 7)
  Rendered layout layouts/application.html.erb (Duration: 9.1ms | Allocations: 2442)
Completed 200 OK in 11ms (Views: 9.5ms | ActiveRecord: 0.0ms | Allocations: 2688)


Started GET "/" for ::1 at 2023-11-24 23:27:17 +0530
Processing by WelcomeController#index as HTML
  Rendering layout layouts/application.html.erb
  Rendering welcome/index.html.erb within layouts/application
  Rendered welcome/index.html.erb within layouts/application (Duration: 0.1ms | Allocations: 7)
  Rendered layout layouts/application.html.erb (Duration: 9.8ms | Allocations: 2434)
Completed 200 OK in 12ms (Views: 10.6ms | ActiveRecord: 0.0ms | Allocations: 2680)


Started GET "/" for ::1 at 2023-11-24 23:27:18 +0530
Processing by WelcomeController#index as HTML
  Rendering layout layouts/application.html.erb
  Rendering welcome/index.html.erb within layouts/application
  Rendered welcome/index.html.erb within layouts/application (Duration: 0.1ms | Allocations: 7)
  Rendered layout layouts/application.html.erb (Duration: 10.9ms | Allocations: 2428)
Completed 200 OK in 14ms (Views: 11.8ms | ActiveRecord: 0.0ms | Allocations: 2674)


Started GET "/" for ::1 at 2023-11-24 23:27:58 +0530
Processing by WelcomeController#index as HTML
  Rendering layout layouts/application.html.erb
  Rendering welcome/index.html.erb within layouts/application
  Rendered welcome/index.html.erb within layouts/application (Duration: 1.4ms | Allocations: 127)
  Rendered layout layouts/application.html.erb (Duration: 27.4ms | Allocations: 2839)
Completed 200 OK in 39ms (Views: 32.9ms | ActiveRecord: 0.0ms | Allocations: 3809)


Started GET "/" for ::1 at 2023-11-24 23:28:47 +0530
Processing by WelcomeController#index as HTML
  Rendering layout layouts/application.html.erb
  Rendering welcome/index.html.erb within layouts/application
  Rendered welcome/index.html.erb within layouts/application (Duration: 1.2ms | Allocations: 124)
  Rendered layout layouts/application.html.erb (Duration: 41.5ms | Allocations: 2801)
Completed 200 OK in 52ms (Views: 48.2ms | ActiveRecord: 0.0ms | Allocations: 3768)


Started GET "/" for ::1 at 2023-11-24 23:28:49 +0530
Processing by WelcomeController#index as HTML
  Rendering layout layouts/application.html.erb
  Rendering welcome/index.html.erb within layouts/application
  Rendered welcome/index.html.erb within layouts/application (Duration: 0.1ms | Allocations: 7)
  Rendered layout layouts/application.html.erb (Duration: 38.0ms | Allocations: 2434)
Completed 200 OK in 43ms (Views: 39.5ms | ActiveRecord: 0.0ms | Allocations: 2681)


Started GET "/" for ::1 at 2023-11-24 23:29:26 +0530
Processing by WelcomeController#index as HTML
  Rendering layout layouts/application.html.erb
  Rendering welcome/index.html.erb within layouts/application
  Rendered welcome/index.html.erb within layouts/application (Duration: 1.7ms | Allocations: 136)
  Rendered layout layouts/application.html.erb (Duration: 22.5ms | Allocations: 2815)
Completed 200 OK in 27ms (Views: 25.2ms | ActiveRecord: 0.0ms | Allocations: 3782)


Started GET "/" for ::1 at 2023-11-24 23:29:29 +0530
Processing by WelcomeController#index as HTML
  Rendering layout layouts/application.html.erb
  Rendering welcome/index.html.erb within layouts/application
  Rendered welcome/index.html.erb within layouts/application (Duration: 0.1ms | Allocations: 7)
  Rendered layout layouts/application.html.erb (Duration: 8.4ms | Allocations: 2442)
Completed 200 OK in 11ms (Views: 9.1ms | ActiveRecord: 0.0ms | Allocations: 2689)


Started GET "/" for ::1 at 2023-11-25 00:10:11 +0530
Processing by WelcomeController#index as HTML
  Rendering layout layouts/application.html.erb
  Rendering welcome/index.html.erb within layouts/application
  Rendered welcome/index.html.erb within layouts/application (Duration: 0.7ms | Allocations: 136)
  Rendered layout layouts/application.html.erb (Duration: 75.6ms | Allocations: 14222)
Completed 200 OK in 81ms (Views: 78.5ms | ActiveRecord: 0.0ms | Allocations: 15196)


Started GET "/" for ::1 at 2023-11-25 00:10:12 +0530
Processing by WelcomeController#index as HTML
  Rendering layout layouts/application.html.erb
  Rendering welcome/index.html.erb within layouts/application
  Rendered welcome/index.html.erb within layouts/application (Duration: 0.1ms | Allocations: 7)
  Rendered layout layouts/application.html.erb (Duration: 15.3ms | Allocations: 2428)
Completed 200 OK in 19ms (Views: 16.2ms | ActiveRecord: 0.0ms | Allocations: 2673)


Started GET "/" for ::1 at 2023-11-25 00:10:12 +0530
Processing by WelcomeController#index as HTML
  Rendering layout layouts/application.html.erb
  Rendering welcome/index.html.erb within layouts/application
  Rendered welcome/index.html.erb within layouts/application (Duration: 0.0ms | Allocations: 7)
  Rendered layout layouts/application.html.erb (Duration: 6.2ms | Allocations: 2438)
Completed 200 OK in 8ms (Views: 6.6ms | ActiveRecord: 0.0ms | Allocations: 2682)


Started GET "/" for ::1 at 2023-11-25 00:10:12 +0530
Processing by WelcomeController#index as HTML
  Rendering layout layouts/application.html.erb
  Rendering welcome/index.html.erb within layouts/application
  Rendered welcome/index.html.erb within layouts/application (Duration: 0.0ms | Allocations: 7)
  Rendered layout layouts/application.html.erb (Duration: 14.1ms | Allocations: 2448)
Completed 200 OK in 23ms (Views: 14.5ms | ActiveRecord: 0.0ms | Allocations: 2692)


Started GET "/" for ::1 at 2023-11-25 00:10:13 +0530
Processing by WelcomeController#index as HTML
  Rendering layout layouts/application.html.erb
  Rendering welcome/index.html.erb within layouts/application
  Rendered welcome/index.html.erb within layouts/application (Duration: 0.0ms | Allocations: 7)
  Rendered layout layouts/application.html.erb (Duration: 11.5ms | Allocations: 2432)
Completed 200 OK in 14ms (Views: 11.9ms | ActiveRecord: 0.0ms | Allocations: 2676)


Started GET "/cats_list_path" for ::1 at 2023-11-25 00:10:14 +0530
  
ActionController::RoutingError (No route matches [GET] "/cats_list_path"):
  
Started GET "/" for ::1 at 2023-11-25 00:10:53 +0530
Processing by WelcomeController#index as HTML
  Rendering layout layouts/application.html.erb
  Rendering welcome/index.html.erb within layouts/application
  Rendered welcome/index.html.erb within layouts/application (Duration: 1.0ms | Allocations: 135)
  Rendered layout layouts/application.html.erb (Duration: 13.2ms | Allocations: 2799)
Completed 200 OK in 20ms (Views: 17.5ms | ActiveRecord: 0.0ms | Allocations: 3768)


Started GET "/" for ::1 at 2023-11-25 00:10:53 +0530
Processing by WelcomeController#index as HTML
  Rendering layout layouts/application.html.erb
  Rendering welcome/index.html.erb within layouts/application
  Rendered welcome/index.html.erb within layouts/application (Duration: 0.0ms | Allocations: 7)
  Rendered layout layouts/application.html.erb (Duration: 15.5ms | Allocations: 2436)
Completed 200 OK in 19ms (Views: 17.8ms | ActiveRecord: 0.0ms | Allocations: 2681)


Started GET "/cats_list_path" for ::1 at 2023-11-25 00:10:55 +0530
  
ActionController::RoutingError (No route matches [GET] "/cats_list_path"):
  
Started GET "/cats_list_path" for ::1 at 2023-11-25 00:11:20 +0530
  
ActionController::RoutingError (No route matches [GET] "/cats_list_path"):
  
Started GET "/" for ::1 at 2023-11-25 00:11:23 +0530
Processing by WelcomeController#index as HTML
  Rendering layout layouts/application.html.erb
  Rendering welcome/index.html.erb within layouts/application
  Rendered welcome/index.html.erb within layouts/application (Duration: 0.7ms | Allocations: 136)
  Rendered layout layouts/application.html.erb (Duration: 52.0ms | Allocations: 2820)
Completed 200 OK in 61ms (Views: 58.6ms | ActiveRecord: 0.0ms | Allocations: 3742)


Started GET "/cats_list" for ::1 at 2023-11-25 00:11:24 +0530
  
ActionController::RoutingError (No route matches [GET] "/cats_list"):
  
Started GET "/cats_list_path" for ::1 at 2023-11-25 00:11:34 +0530
  
ActionController::RoutingError (No route matches [GET] "/cats_list_path"):
  
Started GET "/" for ::1 at 2023-11-25 00:11:44 +0530
Processing by WelcomeController#index as HTML
  Rendering layout layouts/application.html.erb
  Rendering welcome/index.html.erb within layouts/application
  Rendered welcome/index.html.erb within layouts/application (Duration: 0.1ms | Allocations: 7)
  Rendered layout layouts/application.html.erb (Duration: 82.0ms | Allocations: 2448)
Completed 200 OK in 85ms (Views: 83.0ms | ActiveRecord: 0.0ms | Allocations: 2693)


Started GET "/cats/list" for ::1 at 2023-11-25 00:11:45 +0530
Processing by CatsController#list as HTML
  Rendering layout layouts/application.html.erb
  Rendering cats/list.html.erb within layouts/application
  Rendered cats/list.html.erb within layouts/application (Duration: 7.3ms | Allocations: 109)
  Rendered layout layouts/application.html.erb (Duration: 16.6ms | Allocations: 2542)
Completed 200 OK in 23ms (Views: 20.3ms | ActiveRecord: 0.0ms | Allocations: 3268)


Started GET "/" for ::1 at 2023-11-25 00:12:09 +0530
Processing by WelcomeController#index as HTML
  Rendering layout layouts/application.html.erb
  Rendering welcome/index.html.erb within layouts/application
  Rendered welcome/index.html.erb within layouts/application (Duration: 0.1ms | Allocations: 7)
  Rendered layout layouts/application.html.erb (Duration: 93.8ms | Allocations: 13885)
Completed 200 OK in 97ms (Views: 95.2ms | ActiveRecord: 0.0ms | Allocations: 14488)


Started GET "/cats_list" for ::1 at 2023-11-25 00:12:11 +0530
  
ActionController::RoutingError (No route matches [GET] "/cats_list"):
  
Started GET "/" for ::1 at 2023-11-25 00:12:24 +0530
Processing by WelcomeController#index as HTML
  Rendering layout layouts/application.html.erb
  Rendering welcome/index.html.erb within layouts/application
  Rendered welcome/index.html.erb within layouts/application (Duration: 0.6ms | Allocations: 135)
  Rendered layout layouts/application.html.erb (Duration: 12.3ms | Allocations: 2816)
Completed 200 OK in 16ms (Views: 14.8ms | ActiveRecord: 0.0ms | Allocations: 3783)


Started GET "/cats_list_path" for ::1 at 2023-11-25 00:12:25 +0530
  
ActionController::RoutingError (No route matches [GET] "/cats_list_path"):
  
Started GET "/" for ::1 at 2023-11-25 00:15:02 +0530
  
NameError (undefined local variable or method `cats_list' for #<ActionDispatch::Routing::Mapper:0x00007f9cce9c2878>):
  
config/routes.rb:6:in `block in <main>'
config/routes.rb:1:in `<main>'
Started GET "/" for ::1 at 2023-11-25 00:15:03 +0530
Processing by WelcomeController#index as HTML
  Rendering layout layouts/application.html.erb
  Rendering welcome/index.html.erb within layouts/application
  Rendered welcome/index.html.erb within layouts/application (Duration: 0.0ms | Allocations: 7)
  Rendered layout layouts/application.html.erb (Duration: 86.6ms | Allocations: 13897)
Completed 200 OK in 89ms (Views: 87.5ms | ActiveRecord: 0.0ms | Allocations: 14500)


Started GET "/cats_list_path" for ::1 at 2023-11-25 00:15:04 +0530
  
ActionController::RoutingError (No route matches [GET] "/cats_list_path"):
  
Started GET "/" for ::1 at 2023-11-25 00:21:28 +0530
Processing by WelcomeController#index as HTML
  Rendering layout layouts/application.html.erb
  Rendering welcome/index.html.erb within layouts/application
  Rendered welcome/index.html.erb within layouts/application (Duration: 9.9ms | Allocations: 340)
  Rendered layout layouts/application.html.erb (Duration: 192.6ms | Allocations: 35694)
Completed 200 OK in 336ms (Views: 219.4ms | ActiveRecord: 0.0ms | Allocations: 41720)


Started GET "/cats_list_path" for ::1 at 2023-11-25 00:21:30 +0530
  
ActionController::RoutingError (No route matches [GET] "/cats_list_path"):
  
Started GET "/" for ::1 at 2023-11-25 00:24:24 +0530
Processing by WelcomeController#index as HTML
  Rendering layout layouts/application.html.erb
  Rendering welcome/index.html.erb within layouts/application
  Rendered welcome/index.html.erb within layouts/application (Duration: 0.1ms | Allocations: 7)
  Rendered layout layouts/application.html.erb (Duration: 142.7ms | Allocations: 13798)
Completed 200 OK in 145ms (Views: 143.8ms | ActiveRecord: 0.0ms | Allocations: 14402)


Started GET "/cats_list_path" for ::1 at 2023-11-25 00:24:26 +0530
  
ActionController::RoutingError (No route matches [GET] "/cats_list_path"):
  
Started GET "/" for ::1 at 2023-11-25 00:24:56 +0530
Processing by WelcomeController#index as HTML
  Rendering layout layouts/application.html.erb
  Rendering welcome/index.html.erb within layouts/application
  Rendered welcome/index.html.erb within layouts/application (Duration: 0.1ms | Allocations: 7)
  Rendered layout layouts/application.html.erb (Duration: 86.6ms | Allocations: 2438)
Completed 200 OK in 89ms (Views: 87.7ms | ActiveRecord: 0.0ms | Allocations: 2685)


Started GET "/cats/list(" for ::1 at 2023-11-25 00:24:57 +0530
  
ActionController::RoutingError (No route matches [GET] "/cats/list("):
  
Started GET "/cats/list" for ::1 at 2023-11-25 00:25:01 +0530
Processing by CatsController#list as HTML
Completed 500 Internal Server Error in 2ms (ActiveRecord: 0.0ms | Allocations: 985)


  
NoMethodError (undefined method `pry' for #<Binding:0x00007fd2631ce0e8>
Did you mean?  try):
  
app/controllers/cats_controller.rb:3:in `list'
Started GET "/" for ::1 at 2023-11-25 00:27:47 +0530
Processing by WelcomeController#index as HTML
  Rendering layout layouts/application.html.erb
  Rendering welcome/index.html.erb within layouts/application
  Rendered welcome/index.html.erb within layouts/application (Duration: 1.3ms | Allocations: 136)
  Rendered layout layouts/application.html.erb (Duration: 162.0ms | Allocations: 14253)
Completed 200 OK in 169ms (Views: 167.0ms | ActiveRecord: 0.0ms | Allocations: 15227)


Started GET "/edit_me_path" for ::1 at 2023-11-25 00:27:49 +0530
  
ActionController::RoutingError (No route matches [GET] "/edit_me_path"):
  
Started GET "/turbo_recede_historical_location_path" for ::1 at 2023-11-25 00:28:02 +0530
  
ActionController::RoutingError (No route matches [GET] "/turbo_recede_historical_location_path"):
  
Started GET "/cats/list" for ::1 at 2023-11-25 00:29:52 +0530
Processing by CatsController#list as HTML
  Rendering layout layouts/application.html.erb
  Rendering cats/list.html.erb within layouts/application
  Rendered cats/list.html.erb within layouts/application (Duration: 4.3ms | Allocations: 109)
  Rendered layout layouts/application.html.erb (Duration: 28.9ms | Allocations: 2565)
Completed 200 OK in 39ms (Views: 35.2ms | ActiveRecord: 0.0ms | Allocations: 3292)


Started GET "/" for ::1 at 2023-11-25 00:31:40 +0530
Processing by WelcomeController#index as HTML
  Rendering layout layouts/application.html.erb
  Rendering welcome/index.html.erb within layouts/application
  Rendered welcome/index.html.erb within layouts/application (Duration: 1.0ms | Allocations: 212)
  Rendered layout layouts/application.html.erb (Duration: 42.9ms | Allocations: 14307)
Completed 200 OK in 47ms (Views: 45.1ms | ActiveRecord: 0.0ms | Allocations: 15284)


Started GET "/cats/list" for ::1 at 2023-11-25 00:31:42 +0530
Processing by CatsController#list as HTML
  Rendering layout layouts/application.html.erb
  Rendering cats/list.html.erb within layouts/application
  Rendered cats/list.html.erb within layouts/application (Duration: 1.0ms | Allocations: 107)
  Rendered layout layouts/application.html.erb (Duration: 12.9ms | Allocations: 2541)
Completed 200 OK in 18ms (Views: 16.2ms | ActiveRecord: 0.0ms | Allocations: 3269)


Started GET "/" for ::1 at 2023-11-25 00:32:39 +0530
Processing by WelcomeController#index as HTML
  Rendering layout layouts/application.html.erb
  Rendering welcome/index.html.erb within layouts/application
  Rendered welcome/index.html.erb within layouts/application (Duration: 1.2ms | Allocations: 281)
  Rendered layout layouts/application.html.erb (Duration: 33.4ms | Allocations: 2951)
Completed 200 OK in 40ms (Views: 37.4ms | ActiveRecord: 0.0ms | Allocations: 3918)


Started GET "/cats/list" for ::1 at 2023-11-25 00:32:41 +0530
Processing by CatsController#list as HTML
  Rendering layout layouts/application.html.erb
  Rendering cats/list.html.erb within layouts/application
  Rendered cats/list.html.erb within layouts/application (Duration: 3.8ms | Allocations: 107)
  Rendered layout layouts/application.html.erb (Duration: 29.7ms | Allocations: 2541)
Completed 200 OK in 38ms (Views: 35.3ms | ActiveRecord: 0.0ms | Allocations: 3266)


Started GET "/cats/list" for ::1 at 2023-11-25 00:32:43 +0530
Processing by CatsController#list as HTML
  Rendering layout layouts/application.html.erb
  Rendering cats/list.html.erb within layouts/application
  Rendered cats/list.html.erb within layouts/application (Duration: 0.0ms | Allocations: 7)
  Rendered layout layouts/application.html.erb (Duration: 16.3ms | Allocations: 2450)
Completed 200 OK in 18ms (Views: 16.7ms | ActiveRecord: 0.0ms | Allocations: 2697)


Started GET "/cats/list" for ::1 at 2023-11-25 00:32:44 +0530
Processing by CatsController#list as HTML
  Rendering layout layouts/application.html.erb
  Rendering cats/list.html.erb within layouts/application
  Rendered cats/list.html.erb within layouts/application (Duration: 0.1ms | Allocations: 7)
  Rendered layout layouts/application.html.erb (Duration: 19.8ms | Allocations: 2425)
Completed 200 OK in 22ms (Views: 20.9ms | ActiveRecord: 0.0ms | Allocations: 2671)


Started GET "/cats/list" for ::1 at 2023-11-25 00:33:33 +0530
Processing by CatsController#list as HTML
  Rendering layout layouts/application.html.erb
  Rendering cats/list.html.erb within layouts/application
  Rendered cats/list.html.erb within layouts/application (Duration: 0.1ms | Allocations: 7)
  Rendered layout layouts/application.html.erb (Duration: 13.0ms | Allocations: 2441)
Completed 200 OK in 16ms (Views: 13.9ms | ActiveRecord: 0.0ms | Allocations: 2687)


Started GET "/cats/list" for ::1 at 2023-11-25 00:33:36 +0530
Processing by CatsController#list as HTML
  Rendering layout layouts/application.html.erb
  Rendering cats/list.html.erb within layouts/application
  Rendered cats/list.html.erb within layouts/application (Duration: 0.1ms | Allocations: 7)
  Rendered layout layouts/application.html.erb (Duration: 14.8ms | Allocations: 2439)
Completed 200 OK in 17ms (Views: 15.6ms | ActiveRecord: 0.0ms | Allocations: 2685)


Started GET "/cats/list" for ::1 at 2023-11-25 00:33:37 +0530
Processing by CatsController#list as HTML
  Rendering layout layouts/application.html.erb
  Rendering cats/list.html.erb within layouts/application
  Rendered cats/list.html.erb within layouts/application (Duration: 0.0ms | Allocations: 7)
  Rendered layout layouts/application.html.erb (Duration: 16.0ms | Allocations: 2433)
Completed 200 OK in 18ms (Views: 16.8ms | ActiveRecord: 0.0ms | Allocations: 2679)


Started GET "/" for ::1 at 2023-11-25 00:37:01 +0530
Processing by WelcomeController#index as HTML
  Rendering layout layouts/application.html.erb
  Rendering welcome/index.html.erb within layouts/application
  Rendered welcome/index.html.erb within layouts/application (Duration: 14.0ms | Allocations: 4191)
  Rendered layout layouts/application.html.erb (Duration: 14.2ms | Allocations: 4258)
Completed 500 Internal Server Error in 20ms (ActiveRecord: 0.0ms | Allocations: 5207)


  
ActionView::Template::Error (undefined local variable or method `cats_list_path' for #<ActionView::Base:0x0000000001a6d0>):
    1: <div class="topnav">
    2:   <%= link_to 'Cats', cats_list_path %>
    3:   <%= link_to 'Dogs', cats_list_path %>
    4:   <%= link_to 'Birds', cats_list_path %>
    5: </div>
  
app/views/welcome/index.html.erb:2
Started GET "/" for ::1 at 2023-11-25 00:37:46 +0530
Processing by WelcomeController#index as HTML
  Rendering layout layouts/application.html.erb
  Rendering welcome/index.html.erb within layouts/application
  Rendered welcome/index.html.erb within layouts/application (Duration: 1.0ms | Allocations: 278)
  Rendered layout layouts/application.html.erb (Duration: 60.3ms | Allocations: 14383)
Completed 200 OK in 65ms (Views: 63.0ms | ActiveRecord: 0.0ms | Allocations: 15357)


Started GET "/animals/mammals" for ::1 at 2023-11-25 00:37:48 +0530
Processing by AnimalsController#mammals as HTML
  Rendering layout layouts/application.html.erb
  Rendering animals/mammals.html.erb within layouts/application
  Rendered animals/mammals.html.erb within layouts/application (Duration: 0.5ms | Allocations: 108)
  Rendered layout layouts/application.html.erb (Duration: 5.2ms | Allocations: 2540)
Completed 200 OK in 8ms (Views: 6.7ms | ActiveRecord: 0.0ms | Allocations: 3268)


Started GET "/animals/mammals" for ::1 at 2023-11-25 00:37:50 +0530
Processing by AnimalsController#mammals as HTML
  Rendering layout layouts/application.html.erb
  Rendering animals/mammals.html.erb within layouts/application
  Rendered animals/mammals.html.erb within layouts/application (Duration: 0.1ms | Allocations: 7)
  Rendered layout layouts/application.html.erb (Duration: 12.7ms | Allocations: 2439)
Completed 200 OK in 17ms (Views: 14.1ms | ActiveRecord: 0.0ms | Allocations: 2686)


Started GET "/animals/mammals" for ::1 at 2023-11-25 00:37:52 +0530
Processing by AnimalsController#mammals as HTML
  Rendering layout layouts/application.html.erb
  Rendering animals/mammals.html.erb within layouts/application
  Rendered animals/mammals.html.erb within layouts/application (Duration: 0.0ms | Allocations: 7)
  Rendered layout layouts/application.html.erb (Duration: 12.9ms | Allocations: 2435)
Completed 200 OK in 15ms (Views: 13.6ms | ActiveRecord: 0.0ms | Allocations: 2681)


Started GET "/" for ::1 at 2023-11-25 00:42:03 +0530
Processing by WelcomeController#index as HTML
  Rendering layout layouts/application.html.erb
  Rendering welcome/index.html.erb within layouts/application
  Rendered welcome/index.html.erb within layouts/application (Duration: 7.2ms | Allocations: 276)
  Rendered layout layouts/application.html.erb (Duration: 37.6ms | Allocations: 2941)
Completed 200 OK in 50ms (Views: 44.9ms | ActiveRecord: 0.0ms | Allocations: 3908)


Started GET "/" for ::1 at 2023-11-25 00:42:04 +0530
Processing by WelcomeController#index as HTML
  Rendering layout layouts/application.html.erb
  Rendering welcome/index.html.erb within layouts/application
  Rendered welcome/index.html.erb within layouts/application (Duration: 0.3ms | Allocations: 100)
  Rendered layout layouts/application.html.erb (Duration: 15.5ms | Allocations: 2539)
Completed 200 OK in 18ms (Views: 16.4ms | ActiveRecord: 0.0ms | Allocations: 2784)


Started GET "/animals/mammals" for ::1 at 2023-11-25 00:42:05 +0530
Processing by AnimalsController#mammals as HTML
  Rendering layout layouts/application.html.erb
  Rendering animals/mammals.html.erb within layouts/application
  Rendered animals/mammals.html.erb within layouts/application (Duration: 192.2ms | Allocations: 23750)
  Rendered layout layouts/application.html.erb (Duration: 196.8ms | Allocations: 26076)
Completed 200 OK in 203ms (Views: 200.8ms | ActiveRecord: 0.0ms | Allocations: 26801)


Started GET "/" for ::1 at 2023-11-25 00:42:21 +0530
Processing by WelcomeController#index as HTML
  Rendering layout layouts/application.html.erb
  Rendering welcome/index.html.erb within layouts/application
  Rendered welcome/index.html.erb within layouts/application (Duration: 1.5ms | Allocations: 277)
  Rendered layout layouts/application.html.erb (Duration: 17.9ms | Allocations: 2946)
Completed 200 OK in 24ms (Views: 21.4ms | ActiveRecord: 0.0ms | Allocations: 3913)


Started GET "/animals/mammals" for ::1 at 2023-11-25 00:42:22 +0530
Processing by AnimalsController#mammals as HTML
  Rendering layout layouts/application.html.erb
  Rendering animals/mammals.html.erb within layouts/application
  Rendered animals/mammals.html.erb within layouts/application (Duration: 5.1ms | Allocations: 680)
  Rendered layout layouts/application.html.erb (Duration: 20.6ms | Allocations: 3012)
Completed 200 OK in 28ms (Views: 25.5ms | ActiveRecord: 0.0ms | Allocations: 3737)


Started GET "/animals/mammals" for ::1 at 2023-11-25 00:43:57 +0530
Processing by AnimalsController#mammals as HTML
  Rendering layout layouts/application.html.erb
  Rendering animals/mammals.html.erb within layouts/application
  Rendered animals/mammals.html.erb within layouts/application (Duration: 8.8ms | Allocations: 800)
  Rendered layout layouts/application.html.erb (Duration: 94.0ms | Allocations: 7899)
Completed 200 OK in 131ms (Views: 105.0ms | ActiveRecord: 0.0ms | Allocations: 8866)


Started GET "/animals/falls2.jpg" for ::1 at 2023-11-25 00:43:57 +0530
Started GET "/animals/rocks.jpg" for ::1 at 2023-11-25 00:43:57 +0530
  
ActionController::RoutingError (No route matches [GET] "/animals/falls2.jpg"):
  
Started GET "/animals/nature.jpg" for ::1 at 2023-11-25 00:43:57 +0530
  
ActionController::RoutingError (No route matches [GET] "/animals/rocks.jpg"):
  
Started GET "/animals/paris.jpg" for ::1 at 2023-11-25 00:43:57 +0530
  
ActionController::RoutingError (No route matches [GET] "/animals/nature.jpg"):
  
Started GET "/animals/ocean.jpg" for ::1 at 2023-11-25 00:43:57 +0530
  
ActionController::RoutingError (No route matches [GET] "/animals/paris.jpg"):
  
  
ActionController::RoutingError (No route matches [GET] "/animals/ocean.jpg"):
  
Started GET "/animals/wedding.jpg" for ::1 at 2023-11-25 00:43:57 +0530
Started GET "/animals/underwater.jpg" for ::1 at 2023-11-25 00:43:57 +0530
  
ActionController::RoutingError (No route matches [GET] "/animals/wedding.jpg"):
  
Started GET "/animals/mountainskies.jpg" for ::1 at 2023-11-25 00:43:57 +0530
  
ActionController::RoutingError (No route matches [GET] "/animals/underwater.jpg"):
  
  
ActionController::RoutingError (No route matches [GET] "/animals/mountainskies.jpg"):
  
Started GET "/animals/mist.jpg" for ::1 at 2023-11-25 00:43:58 +0530
  
ActionController::RoutingError (No route matches [GET] "/animals/mist.jpg"):
  
Started GET "/animals/mammals" for ::1 at 2023-11-25 00:44:27 +0530
Processing by AnimalsController#mammals as HTML
  Rendering layout layouts/application.html.erb
  Rendering animals/mammals.html.erb within layouts/application
  Rendered animals/mammals.html.erb within layouts/application (Duration: 8.9ms | Allocations: 861)
  Rendered layout layouts/application.html.erb (Duration: 45.7ms | Allocations: 7029)
Completed 200 OK in 52ms (Views: 48.6ms | ActiveRecord: 0.0ms | Allocations: 7997)


Started GET "/animals/rocks.jpg" for ::1 at 2023-11-25 00:44:27 +0530
Started GET "/animals/falls2.jpg" for ::1 at 2023-11-25 00:44:27 +0530
  
ActionController::RoutingError (No route matches [GET] "/animals/rocks.jpg"):
  
Started GET "/animals/paris.jpg" for ::1 at 2023-11-25 00:44:27 +0530
Started GET "/animals/nature.jpg" for ::1 at 2023-11-25 00:44:27 +0530
  
ActionController::RoutingError (No route matches [GET] "/animals/falls2.jpg"):
  
Started GET "/animals/ocean.jpg" for ::1 at 2023-11-25 00:44:27 +0530
  
ActionController::RoutingError (No route matches [GET] "/animals/paris.jpg"):
  
  
ActionController::RoutingError (No route matches [GET] "/animals/nature.jpg"):
  
  
ActionController::RoutingError (No route matches [GET] "/animals/ocean.jpg"):
  
Started GET "/animals/mountainskies.jpg" for ::1 at 2023-11-25 00:44:28 +0530
Started GET "/animals/wedding.jpg" for ::1 at 2023-11-25 00:44:28 +0530
  
ActionController::RoutingError (No route matches [GET] "/animals/mountainskies.jpg"):
  
Started GET "/animals/underwater.jpg" for ::1 at 2023-11-25 00:44:28 +0530
  
ActionController::RoutingError (No route matches [GET] "/animals/wedding.jpg"):
  
  
ActionController::RoutingError (No route matches [GET] "/animals/underwater.jpg"):
  
Started GET "/animals/mist.jpg" for ::1 at 2023-11-25 00:44:28 +0530
  
ActionController::RoutingError (No route matches [GET] "/animals/mist.jpg"):
  
Started GET "/animals/mammals" for ::1 at 2023-11-25 00:45:44 +0530
Processing by AnimalsController#mammals as HTML
  Rendering layout layouts/application.html.erb
  Rendering animals/mammals.html.erb within layouts/application
  Rendered animals/mammals.html.erb within layouts/application (Duration: 51.6ms | Allocations: 1165)
  Rendered layout layouts/application.html.erb (Duration: 142.0ms | Allocations: 3728)
Completed 200 OK in 171ms (Views: 167.1ms | ActiveRecord: 0.0ms | Allocations: 4696)


Started GET "/w3images/rocks.jpg" for ::1 at 2023-11-25 00:45:45 +0530
Started GET "/w3images/falls2.jpg" for ::1 at 2023-11-25 00:45:45 +0530
  
ActionController::RoutingError (No route matches [GET] "/w3images/rocks.jpg"):
  
Started GET "/w3images/paris.jpg" for ::1 at 2023-11-25 00:45:45 +0530
  
ActionController::RoutingError (No route matches [GET] "/w3images/falls2.jpg"):
  
Started GET "/w3images/nature.jpg" for ::1 at 2023-11-25 00:45:45 +0530
  
ActionController::RoutingError (No route matches [GET] "/w3images/paris.jpg"):
  
Started GET "/w3images/mist.jpg" for ::1 at 2023-11-25 00:45:45 +0530
  
ActionController::RoutingError (No route matches [GET] "/w3images/nature.jpg"):
  
  
ActionController::RoutingError (No route matches [GET] "/w3images/mist.jpg"):
  
Started GET "/w3images/mountainskies.jpg" for ::1 at 2023-11-25 00:45:45 +0530
Started GET "/w3images/ocean.jpg" for ::1 at 2023-11-25 00:45:45 +0530
Started GET "/w3images/wedding.jpg" for ::1 at 2023-11-25 00:45:45 +0530
  
ActionController::RoutingError (No route matches [GET] "/w3images/mountainskies.jpg"):
  
  
ActionController::RoutingError (No route matches [GET] "/w3images/ocean.jpg"):
  
  
ActionController::RoutingError (No route matches [GET] "/w3images/wedding.jpg"):
  
Started GET "/w3images/underwater.jpg" for ::1 at 2023-11-25 00:45:45 +0530
  
ActionController::RoutingError (No route matches [GET] "/w3images/underwater.jpg"):
  
Started GET "/animals/mammals" for ::1 at 2023-11-25 00:46:22 +0530
Processing by AnimalsController#mammals as HTML
  Rendering layout layouts/application.html.erb
  Rendering animals/mammals.html.erb within layouts/application
  Rendered animals/mammals.html.erb within layouts/application (Duration: 10.2ms | Allocations: 749)
  Rendered layout layouts/application.html.erb (Duration: 41.9ms | Allocations: 3310)
Completed 200 OK in 48ms (Views: 45.7ms | ActiveRecord: 0.0ms | Allocations: 4278)


Started GET "/w3images/rocks.jpg" for ::1 at 2023-11-25 00:46:22 +0530
Started GET "/w3images/falls2.jpg" for ::1 at 2023-11-25 00:46:22 +0530
Started GET "/w3images/mist.jpg" for ::1 at 2023-11-25 00:46:22 +0530
  
ActionController::RoutingError (No route matches [GET] "/w3images/rocks.jpg"):
  
  
ActionController::RoutingError (No route matches [GET] "/w3images/falls2.jpg"):
  
Started GET "/w3images/nature.jpg" for ::1 at 2023-11-25 00:46:22 +0530
Started GET "/w3images/paris.jpg" for ::1 at 2023-11-25 00:46:22 +0530
  
ActionController::RoutingError (No route matches [GET] "/w3images/mist.jpg"):
  
  
ActionController::RoutingError (No route matches [GET] "/w3images/nature.jpg"):
  
  
ActionController::RoutingError (No route matches [GET] "/w3images/paris.jpg"):
  
Started GET "/animals/mammals" for ::1 at 2023-11-25 00:47:34 +0530
Processing by AnimalsController#mammals as HTML
  Rendering layout layouts/application.html.erb
  Rendering animals/mammals.html.erb within layouts/application
  Rendered animals/mammals.html.erb within layouts/application (Duration: 10.8ms | Allocations: 712)
  Rendered layout layouts/application.html.erb (Duration: 37.8ms | Allocations: 3277)
Completed 200 OK in 46ms (Views: 43.5ms | ActiveRecord: 0.0ms | Allocations: 4245)


Started GET "/animals/mammals" for ::1 at 2023-11-25 00:47:51 +0530
Processing by AnimalsController#mammals as HTML
  Rendering layout layouts/application.html.erb
  Rendering animals/mammals.html.erb within layouts/application
  Rendered animals/mammals.html.erb within layouts/application (Duration: 9.8ms | Allocations: 969)
  Rendered layout layouts/application.html.erb (Duration: 24.7ms | Allocations: 3525)
Completed 200 OK in 32ms (Views: 29.5ms | ActiveRecord: 0.0ms | Allocations: 4492)


Started GET "/" for ::1 at 2023-11-25 00:48:19 +0530
Processing by WelcomeController#index as HTML
  Rendering layout layouts/application.html.erb
  Rendering welcome/index.html.erb within layouts/application
  Rendered welcome/index.html.erb within layouts/application (Duration: 1.5ms | Allocations: 276)
  Rendered layout layouts/application.html.erb (Duration: 19.0ms | Allocations: 2723)
Completed 200 OK in 23ms (Views: 21.3ms | ActiveRecord: 0.0ms | Allocations: 3448)


Started GET "/animals/mammals" for ::1 at 2023-11-25 00:48:21 +0530
Processing by AnimalsController#mammals as HTML
  Rendering layout layouts/application.html.erb
  Rendering animals/mammals.html.erb within layouts/application
  Rendered animals/mammals.html.erb within layouts/application (Duration: 2.5ms | Allocations: 809)
  Rendered layout layouts/application.html.erb (Duration: 8.0ms | Allocations: 3139)
Completed 200 OK in 9ms (Views: 8.4ms | ActiveRecord: 0.0ms | Allocations: 3386)


Started GET "/animals/mammals" for ::1 at 2023-11-25 00:48:24 +0530
Processing by AnimalsController#mammals as HTML
  Rendering layout layouts/application.html.erb
  Rendering animals/mammals.html.erb within layouts/application
  Rendered animals/mammals.html.erb within layouts/application (Duration: 5.6ms | Allocations: 809)
  Rendered layout layouts/application.html.erb (Duration: 19.6ms | Allocations: 3125)
Completed 200 OK in 23ms (Views: 20.5ms | ActiveRecord: 0.0ms | Allocations: 3371)


Started GET "/" for ::1 at 2023-11-25 00:48:53 +0530
Processing by WelcomeController#index as HTML
  Rendering layout layouts/application.html.erb
  Rendering welcome/index.html.erb within layouts/application
  Rendered welcome/index.html.erb within layouts/application (Duration: 1.3ms | Allocations: 277)
  Rendered layout layouts/application.html.erb (Duration: 24.7ms | Allocations: 2942)
Completed 200 OK in 31ms (Views: 28.1ms | ActiveRecord: 0.0ms | Allocations: 3909)


Started GET "/animals/mammals" for ::1 at 2023-11-25 00:48:54 +0530
Processing by AnimalsController#mammals as HTML
  Rendering layout layouts/application.html.erb
  Rendering animals/mammals.html.erb within layouts/application
  Rendered animals/mammals.html.erb within layouts/application (Duration: 10.3ms | Allocations: 968)
  Rendered layout layouts/application.html.erb (Duration: 28.4ms | Allocations: 3296)
Completed 200 OK in 36ms (Views: 33.1ms | ActiveRecord: 0.0ms | Allocations: 4021)


Started GET "/animals/mammals" for ::1 at 2023-11-25 00:48:56 +0530
Processing by AnimalsController#mammals as HTML
  Rendering layout layouts/application.html.erb
  Rendering animals/mammals.html.erb within layouts/application
  Rendered animals/mammals.html.erb within layouts/application (Duration: 6.4ms | Allocations: 809)
  Rendered layout layouts/application.html.erb (Duration: 26.0ms | Allocations: 3135)
Completed 200 OK in 29ms (Views: 27.3ms | ActiveRecord: 0.0ms | Allocations: 3382)


Started GET "/animals/mammals" for ::1 at 2023-11-25 00:48:58 +0530
Processing by AnimalsController#mammals as HTML
  Rendering layout layouts/application.html.erb
  Rendering animals/mammals.html.erb within layouts/application
  Rendered animals/mammals.html.erb within layouts/application (Duration: 4.0ms | Allocations: 809)
  Rendered layout layouts/application.html.erb (Duration: 10.7ms | Allocations: 3127)
Completed 200 OK in 13ms (Views: 11.2ms | ActiveRecord: 0.0ms | Allocations: 3374)


Started GET "/" for ::1 at 2023-11-25 00:51:10 +0530
Processing by WelcomeController#index as HTML
  Rendering layout layouts/application.html.erb
  Rendering welcome/index.html.erb within layouts/application
  Rendered welcome/index.html.erb within layouts/application (Duration: 1.7ms | Allocations: 285)
  Rendered layout layouts/application.html.erb (Duration: 103.5ms | Allocations: 14437)
Completed 200 OK in 114ms (Views: 110.1ms | ActiveRecord: 0.0ms | Allocations: 15415)


Started GET "/animals/mammals" for ::1 at 2023-11-25 00:51:12 +0530
Processing by AnimalsController#mammals as HTML
  Rendering layout layouts/application.html.erb
  Rendering animals/mammals.html.erb within layouts/application
  Rendered animals/mammals.html.erb within layouts/application (Duration: 8.2ms | Allocations: 977)
  Rendered layout layouts/application.html.erb (Duration: 45.9ms | Allocations: 3293)
Completed 200 OK in 56ms (Views: 52.5ms | ActiveRecord: 0.0ms | Allocations: 4021)


Started GET "/animals/birds" for ::1 at 2023-11-25 00:51:15 +0530
Processing by AnimalsController#birds as HTML
  Rendering layout layouts/application.html.erb
  Rendering animals/birds.html.erb within layouts/application
  Rendered animals/birds.html.erb within layouts/application (Duration: 116.2ms | Allocations: 24256)
  Rendered layout layouts/application.html.erb (Duration: 124.1ms | Allocations: 26586)
Completed 200 OK in 127ms (Views: 124.8ms | ActiveRecord: 0.0ms | Allocations: 26888)


Started GET "/animals/mammals" for ::1 at 2023-11-25 00:51:19 +0530
Processing by AnimalsController#mammals as HTML
  Rendering layout layouts/application.html.erb
  Rendering animals/mammals.html.erb within layouts/application
  Rendered animals/mammals.html.erb within layouts/application (Duration: 3.6ms | Allocations: 815)
  Rendered layout layouts/application.html.erb (Duration: 12.5ms | Allocations: 3131)
Completed 200 OK in 14ms (Views: 13.2ms | ActiveRecord: 0.0ms | Allocations: 3379)


Started GET "/animals/birds" for ::1 at 2023-11-25 00:51:21 +0530
Processing by AnimalsController#birds as HTML
  Rendering layout layouts/application.html.erb
  Rendering animals/birds.html.erb within layouts/application
  Rendered animals/birds.html.erb within layouts/application (Duration: 1.8ms | Allocations: 815)
  Rendered layout layouts/application.html.erb (Duration: 9.7ms | Allocations: 3131)
Completed 200 OK in 11ms (Views: 10.1ms | ActiveRecord: 0.0ms | Allocations: 3377)


Started GET "/" for ::1 at 2023-11-25 00:52:53 +0530
Processing by WelcomeController#index as HTML
  Rendering layout layouts/application.html.erb
  Rendering welcome/index.html.erb within layouts/application
  Rendered welcome/index.html.erb within layouts/application (Duration: 1.5ms | Allocations: 281)
  Rendered layout layouts/application.html.erb (Duration: 54.9ms | Allocations: 14354)
Completed 200 OK in 61ms (Views: 58.4ms | ActiveRecord: 0.0ms | Allocations: 15331)


Started GET "/animals/mammals" for ::1 at 2023-11-25 00:52:55 +0530
Processing by AnimalsController#mammals as HTML
  Rendering layout layouts/application.html.erb
  Rendering animals/mammals.html.erb within layouts/application
  Rendered animals/mammals.html.erb within layouts/application (Duration: 16.8ms | Allocations: 982)
  Rendered layout layouts/application.html.erb (Duration: 32.5ms | Allocations: 3337)
Completed 200 OK in 57ms (Views: 39.9ms | ActiveRecord: 0.0ms | Allocations: 4066)


Started GET "/" for ::1 at 2023-11-25 00:53:09 +0530
Processing by WelcomeController#index as HTML
  Rendering layout layouts/application.html.erb
  Rendering welcome/index.html.erb within layouts/application
  Rendered welcome/index.html.erb within layouts/application (Duration: 1.8ms | Allocations: 279)
  Rendered layout layouts/application.html.erb (Duration: 18.5ms | Allocations: 2957)
Completed 200 OK in 31ms (Views: 26.8ms | ActiveRecord: 0.0ms | Allocations: 3924)


Started GET "/animals/reptiles" for ::1 at 2023-11-25 00:53:11 +0530
Processing by AnimalsController#reptiles as HTML
  Rendering layout layouts/application.html.erb
  Rendering animals/reptiles.html.erb within layouts/application
  Rendered animals/reptiles.html.erb within layouts/application (Duration: 60.6ms | Allocations: 25025)
  Rendered layout layouts/application.html.erb (Duration: 66.3ms | Allocations: 27353)
Completed 200 OK in 70ms (Views: 68.8ms | ActiveRecord: 0.0ms | Allocations: 28078)


Started GET "/animals/birds" for ::1 at 2023-11-25 00:53:16 +0530
Processing by AnimalsController#birds as HTML
  Rendering layout layouts/application.html.erb
  Rendering animals/birds.html.erb within layouts/application
  Rendered animals/birds.html.erb within layouts/application (Duration: 20.8ms | Allocations: 979)
  Rendered layout layouts/application.html.erb (Duration: 54.3ms | Allocations: 3309)
Completed 200 OK in 61ms (Views: 56.9ms | ActiveRecord: 0.0ms | Allocations: 3612)


Started GET "/animals/mammals" for ::1 at 2023-11-25 00:53:18 +0530
Processing by AnimalsController#mammals as HTML
  Rendering layout layouts/application.html.erb
  Rendering animals/mammals.html.erb within layouts/application
  Rendered animals/mammals.html.erb within layouts/application (Duration: 31.0ms | Allocations: 987)
  Rendered layout layouts/application.html.erb (Duration: 48.6ms | Allocations: 3324)
Completed 200 OK in 52ms (Views: 49.3ms | ActiveRecord: 0.0ms | Allocations: 3628)


Started GET "/animals/mammals" for ::1 at 2023-11-25 00:53:27 +0530
Processing by AnimalsController#mammals as HTML
  Rendering layout layouts/application.html.erb
  Rendering animals/mammals.html.erb within layouts/application
  Rendered animals/mammals.html.erb within layouts/application (Duration: 9.7ms | Allocations: 820)
  Rendered layout layouts/application.html.erb (Duration: 21.6ms | Allocations: 3136)
Completed 200 OK in 25ms (Views: 22.7ms | ActiveRecord: 0.0ms | Allocations: 3383)


Started GET "/animals/birds" for ::1 at 2023-11-25 00:53:29 +0530
Processing by AnimalsController#birds as HTML
  Rendering layout layouts/application.html.erb
  Rendering animals/birds.html.erb within layouts/application
  Rendered animals/birds.html.erb within layouts/application (Duration: 9.1ms | Allocations: 822)
  Rendered layout layouts/application.html.erb (Duration: 27.2ms | Allocations: 3141)
Completed 200 OK in 31ms (Views: 28.4ms | ActiveRecord: 0.0ms | Allocations: 3387)


Started GET "/animals/reptiles" for ::1 at 2023-11-25 00:53:31 +0530
Processing by AnimalsController#reptiles as HTML
  Rendering layout layouts/application.html.erb
  Rendering animals/reptiles.html.erb within layouts/application
  Rendered animals/reptiles.html.erb within layouts/application (Duration: 3.4ms | Allocations: 824)
  Rendered layout layouts/application.html.erb (Duration: 21.2ms | Allocations: 3145)
Completed 200 OK in 25ms (Views: 22.8ms | ActiveRecord: 0.0ms | Allocations: 3392)


Started GET "/" for ::1 at 2023-11-25 01:22:01 +0530
Processing by WelcomeController#index as HTML
  Rendering layout layouts/application.html.erb
  Rendering welcome/index.html.erb within layouts/application
  Rendered welcome/index.html.erb within layouts/application (Duration: 1.6ms | Allocations: 102)
  Rendered layout layouts/application.html.erb (Duration: 37.8ms | Allocations: 2548)
Completed 200 OK in 42ms (Views: 39.6ms | ActiveRecord: 0.0ms | Allocations: 2793)


Started GET "/animals/mammals" for ::1 at 2023-11-25 01:22:02 +0530
Processing by AnimalsController#mammals as HTML
  Rendering layout layouts/application.html.erb
  Rendering animals/mammals.html.erb within layouts/application
  Rendered animals/mammals.html.erb within layouts/application (Duration: 15.8ms | Allocations: 820)
  Rendered layout layouts/application.html.erb (Duration: 99.3ms | Allocations: 3147)
Completed 200 OK in 102ms (Views: 100.3ms | ActiveRecord: 0.0ms | Allocations: 3394)


Started GET "/animals/birds" for ::1 at 2023-11-25 01:22:05 +0530
Processing by AnimalsController#birds as HTML
  Rendering layout layouts/application.html.erb
  Rendering animals/birds.html.erb within layouts/application
  Rendered animals/birds.html.erb within layouts/application (Duration: 11.6ms | Allocations: 821)
  Rendered layout layouts/application.html.erb (Duration: 53.5ms | Allocations: 3149)
Completed 200 OK in 56ms (Views: 54.3ms | ActiveRecord: 0.0ms | Allocations: 3395)


Started GET "/animals/reptiles" for ::1 at 2023-11-25 01:22:07 +0530
Processing by AnimalsController#reptiles as HTML
  Rendering layout layouts/application.html.erb
  Rendering animals/reptiles.html.erb within layouts/application
  Rendered animals/reptiles.html.erb within layouts/application (Duration: 5.2ms | Allocations: 820)
  Rendered layout layouts/application.html.erb (Duration: 10.5ms | Allocations: 3142)
Completed 200 OK in 12ms (Views: 10.8ms | ActiveRecord: 0.0ms | Allocations: 3388)


Started GET "/animals/mammals" for ::1 at 2023-11-25 01:31:06 +0530
Processing by AnimalsController#mammals as HTML
  Rendering layout layouts/application.html.erb
  Rendering animals/mammals.html.erb within layouts/application
  Rendered animals/mammals.html.erb within layouts/application (Duration: 11.1ms | Allocations: 822)
  Rendered layout layouts/application.html.erb (Duration: 62.4ms | Allocations: 3148)
Completed 200 OK in 65ms (Views: 63.5ms | ActiveRecord: 0.0ms | Allocations: 3394)


Started GET "/animals/birds" for ::1 at 2023-11-25 01:31:10 +0530
Processing by AnimalsController#birds as HTML
  Rendering layout layouts/application.html.erb
  Rendering animals/birds.html.erb within layouts/application
  Rendered animals/birds.html.erb within layouts/application (Duration: 5.0ms | Allocations: 822)
  Rendered layout layouts/application.html.erb (Duration: 18.2ms | Allocations: 3142)
Completed 200 OK in 20ms (Views: 18.8ms | ActiveRecord: 0.0ms | Allocations: 3388)


Started GET "/animals/reptiles" for ::1 at 2023-11-25 01:31:17 +0530
Processing by AnimalsController#reptiles as HTML
  Rendering layout layouts/application.html.erb
  Rendering animals/reptiles.html.erb within layouts/application
  Rendered animals/reptiles.html.erb within layouts/application (Duration: 14.2ms | Allocations: 820)
  Rendered layout layouts/application.html.erb (Duration: 37.8ms | Allocations: 3140)
Completed 200 OK in 42ms (Views: 39.4ms | ActiveRecord: 0.0ms | Allocations: 3386)


Started GET "/" for ::1 at 2023-11-26 23:49:16 +0530
Processing by WelcomeController#index as HTML
  Rendering layout layouts/application.html.erb
  Rendering welcome/index.html.erb within layouts/application
  Rendered welcome/index.html.erb within layouts/application (Duration: 1.4ms | Allocations: 95)
  Rendered layout layouts/application.html.erb (Duration: 44.5ms | Allocations: 2539)
Completed 200 OK in 49ms (Views: 45.6ms | ActiveRecord: 0.0ms | Allocations: 2783)


Started GET "/animals/mammals" for ::1 at 2023-11-26 23:49:21 +0530
Processing by AnimalsController#mammals as HTML
  Rendering layout layouts/application.html.erb
  Rendering animals/mammals.html.erb within layouts/application
  Rendered animals/mammals.html.erb within layouts/application (Duration: 15.1ms | Allocations: 820)
  Rendered layout layouts/application.html.erb (Duration: 29.8ms | Allocations: 3146)
Completed 200 OK in 33ms (Views: 30.9ms | ActiveRecord: 0.0ms | Allocations: 3393)


Started GET "/animals/birds" for ::1 at 2023-11-26 23:49:23 +0530
Processing by AnimalsController#birds as HTML
  Rendering layout layouts/application.html.erb
  Rendering animals/birds.html.erb within layouts/application
  Rendered animals/birds.html.erb within layouts/application (Duration: 15.6ms | Allocations: 820)
  Rendered layout layouts/application.html.erb (Duration: 30.9ms | Allocations: 3132)
Completed 200 OK in 33ms (Views: 31.7ms | ActiveRecord: 0.0ms | Allocations: 3378)


Started GET "/animals/reptiles" for ::1 at 2023-11-26 23:49:25 +0530
Processing by AnimalsController#reptiles as HTML
  Rendering layout layouts/application.html.erb
  Rendering animals/reptiles.html.erb within layouts/application
  Rendered animals/reptiles.html.erb within layouts/application (Duration: 14.2ms | Allocations: 820)
  Rendered layout layouts/application.html.erb (Duration: 28.7ms | Allocations: 3136)
Completed 200 OK in 32ms (Views: 29.6ms | ActiveRecord: 0.0ms | Allocations: 3382)


Started GET "/animals/birds" for ::1 at 2023-11-26 23:49:28 +0530
Processing by AnimalsController#birds as HTML
  Rendering layout layouts/application.html.erb
  Rendering animals/birds.html.erb within layouts/application
  Rendered animals/birds.html.erb within layouts/application (Duration: 5.0ms | Allocations: 820)
  Rendered layout layouts/application.html.erb (Duration: 12.9ms | Allocations: 3130)
Completed 200 OK in 14ms (Views: 13.3ms | ActiveRecord: 0.0ms | Allocations: 3376)


Started GET "/animals/mammals" for ::1 at 2023-11-26 23:49:30 +0530
Processing by AnimalsController#mammals as HTML
  Rendering layout layouts/application.html.erb
  Rendering animals/mammals.html.erb within layouts/application
  Rendered animals/mammals.html.erb within layouts/application (Duration: 5.8ms | Allocations: 820)
  Rendered layout layouts/application.html.erb (Duration: 18.8ms | Allocations: 3134)
Completed 200 OK in 21ms (Views: 19.5ms | ActiveRecord: 0.0ms | Allocations: 3380)


